Initiating legacy licensing module
LICENSE SYSTEM [2019324 19:4:5] Next license update check is after 2019-03-23T20:31:02


LICENSE SYSTEM [2019324 19:4:5] 00330-80000-00000-AA241 != 00330-80000-00000-AA905

Built from '2018.3/staging' branch; Version is '2018.3.8f1 (fc0fe30d6d91) revision 16519139'; Using compiler version '191326128'
OS: 'Windows 10  (10.0.0) 64bit' Language: 'ja' Physical Memory: 32711 MB
BatchMode: 1, IsHumanControllingUs: 0, StartBugReporterOnCrash: 0, Is64bit: 1, IsPro: 0
[Package Manager] Server::Start -- Port 53731 was selected

 COMMAND LINE ARGUMENTS:
C:\Program Files\Unity\Hub\Editor\2018.3.8f1\Editor\Unity.exe
-quit
-batchmode
-logFile
.\build.log
-projectPath
C:\work\github\fee\fee_project\unity_2018_3\
-executeMethod
Fee.UnityInitialize.Build.Build_Android
---outputpath
C:\work\github\fee\fee_project\unity_2018_3\
Successfully changed project path to: C:\work\github\fee\fee_project\unity_2018_3\
C:/work/github/fee/fee_project/unity_2018_3
Using Asset Import Pipeline V1.
Initiating legacy licensing moduleLoading GUID <-> Path mappings...0.000095 seconds
Loading Asset Database...0.017501 seconds
Build target: OSXUniversal found and added!
Build target: WindowsStoreApps found and added!
Build target: Win64 found and added!
Build target: Win found and added!
Build target: LinuxUniversal found and added!
Build target: Linux64 found and added!
Build target: Linux found and added!
Build target: iOS found and added!
Build target: tvOS found and added!
Build target: PS4 found and added!
Build target: XboxOne found and added!
Build target: Android found and added!
Build target: WebGL found and added!
Build target: Switch found and added!
Build target: Lumin found and added!
Build target: PSM found and added!
Build target: PSP2 found and added!
Build target: WiiU found and added!
Build target: Web found and added!
Build target: WebStreamed found and added!
Build target: OSXIntel found and added!
Build target: OSXIntel64 found and added!
Build target: BlackBerry found and added!
Build target: PS3 found and added!
Build target: N3DS found and added!
Build target: WP8 found and added!
Build target: SamsungTV found and added!
Build target: Tizen found and added!
AssetDatabase consistency checks...0.062477 seconds
Refreshing native plugins compatible for Editor in 25.25 ms, found 2 plugins.
Preloading 0 native plugins for Editor in 0.00 ms.
DisplayProgressbar: Unity Package Manager
[Package Manager] Done resolving packages in 0.24s seconds
[Package Manager] Registering 36 packages:
[Package Manager]  * Package :  com.unity.ads@2.0.8
    (location: C:\work\github\fee\fee_project\unity_2018_3\Library\PackageCache\com.unity.ads@2.0.8)
[Package Manager]  * Package :  com.unity.analytics@3.2.2
    (location: C:\work\github\fee\fee_project\unity_2018_3\Library\PackageCache\com.unity.analytics@3.2.2)
[Package Manager]  * Package :  com.unity.collab-proxy@1.2.15
    (location: C:\work\github\fee\fee_project\unity_2018_3\Library\PackageCache\com.unity.collab-proxy@1.2.15)
[Package Manager]  * Package :  com.unity.package-manager-ui@2.0.3
    (location: C:\work\github\fee\fee_project\unity_2018_3\Library\PackageCache\com.unity.package-manager-ui@2.0.3)
[Package Manager]  * Package :  com.unity.purchasing@2.0.3
    (location: C:\work\github\fee\fee_project\unity_2018_3\Library\PackageCache\com.unity.purchasing@2.0.3)
[Package Manager]  * Package :  com.unity.textmeshpro@1.3.0
    (location: C:\work\github\fee\fee_project\unity_2018_3\Library\PackageCache\com.unity.textmeshpro@1.3.0)
[Package Manager]  * Package :  com.unity.modules.ai@1.0.0
    (location: C:\Program Files\Unity\Hub\Editor\2018.3.8f1\Editor\Data\Resources\PackageManager\BuiltInPackages\com.unity.modules.ai)
[Package Manager]  * Package :  com.unity.modules.animation@1.0.0
    (location: C:\Program Files\Unity\Hub\Editor\2018.3.8f1\Editor\Data\Resources\PackageManager\BuiltInPackages\com.unity.modules.animation)
[Package Manager]  * Package :  com.unity.modules.assetbundle@1.0.0
    (location: C:\Program Files\Unity\Hub\Editor\2018.3.8f1\Editor\Data\Resources\PackageManager\BuiltInPackages\com.unity.modules.assetbundle)
[Package Manager]  * Package :  com.unity.modules.audio@1.0.0
    (location: C:\Program Files\Unity\Hub\Editor\2018.3.8f1\Editor\Data\Resources\PackageManager\BuiltInPackages\com.unity.modules.audio)
[Package Manager]  * Package :  com.unity.modules.cloth@1.0.0
    (location: C:\Program Files\Unity\Hub\Editor\2018.3.8f1\Editor\Data\Resources\PackageManager\BuiltInPackages\com.unity.modules.cloth)
[Package Manager]  * Package :  com.unity.modules.director@1.0.0
    (location: C:\Program Files\Unity\Hub\Editor\2018.3.8f1\Editor\Data\Resources\PackageManager\BuiltInPackages\com.unity.modules.director)
[Package Manager]  * Package :  com.unity.modules.imageconversion@1.0.0
    (location: C:\Program Files\Unity\Hub\Editor\2018.3.8f1\Editor\Data\Resources\PackageManager\BuiltInPackages\com.unity.modules.imageconversion)
[Package Manager]  * Package :  com.unity.modules.imgui@1.0.0
    (location: C:\Program Files\Unity\Hub\Editor\2018.3.8f1\Editor\Data\Resources\PackageManager\BuiltInPackages\com.unity.modules.imgui)
[Package Manager]  * Package :  com.unity.modules.jsonserialize@1.0.0
    (location: C:\Program Files\Unity\Hub\Editor\2018.3.8f1\Editor\Data\Resources\PackageManager\BuiltInPackages\com.unity.modules.jsonserialize)
[Package Manager]  * Package :  com.unity.modules.particlesystem@1.0.0
    (location: C:\Program Files\Unity\Hub\Editor\2018.3.8f1\Editor\Data\Resources\PackageManager\BuiltInPackages\com.unity.modules.particlesystem)
[Package Manager]  * Package :  com.unity.modules.physics@1.0.0
    (location: C:\Program Files\Unity\Hub\Editor\2018.3.8f1\Editor\Data\Resources\PackageManager\BuiltInPackages\com.unity.modules.physics)
[Package Manager]  * Package :  com.unity.modules.physics2d@1.0.0
    (location: C:\Program Files\Unity\Hub\Editor\2018.3.8f1\Editor\Data\Resources\PackageManager\BuiltInPackages\com.unity.modules.physics2d)
[Package Manager]  * Package :  com.unity.modules.screencapture@1.0.0
    (location: C:\Program Files\Unity\Hub\Editor\2018.3.8f1\Editor\Data\Resources\PackageManager\BuiltInPackages\com.unity.modules.screencapture)
[Package Manager]  * Package :  com.unity.modules.terrain@1.0.0
    (location: C:\Program Files\Unity\Hub\Editor\2018.3.8f1\Editor\Data\Resources\PackageManager\BuiltInPackages\com.unity.modules.terrain)
[Package Manager]  * Package :  com.unity.modules.terrainphysics@1.0.0
    (location: C:\Program Files\Unity\Hub\Editor\2018.3.8f1\Editor\Data\Resources\PackageManager\BuiltInPackages\com.unity.modules.terrainphysics)
[Package Manager]  * Package :  com.unity.modules.tilemap@1.0.0
    (location: C:\Program Files\Unity\Hub\Editor\2018.3.8f1\Editor\Data\Resources\PackageManager\BuiltInPackages\com.unity.modules.tilemap)
[Package Manager]  * Package :  com.unity.modules.ui@1.0.0
    (location: C:\Program Files\Unity\Hub\Editor\2018.3.8f1\Editor\Data\Resources\PackageManager\BuiltInPackages\com.unity.modules.ui)
[Package Manager]  * Package :  com.unity.modules.uielements@1.0.0
    (location: C:\Program Files\Unity\Hub\Editor\2018.3.8f1\Editor\Data\Resources\PackageManager\BuiltInPackages\com.unity.modules.uielements)
[Package Manager]  * Package :  com.unity.modules.umbra@1.0.0
    (location: C:\Program Files\Unity\Hub\Editor\2018.3.8f1\Editor\Data\Resources\PackageManager\BuiltInPackages\com.unity.modules.umbra)
[Package Manager]  * Package :  com.unity.modules.unityanalytics@1.0.0
    (location: C:\Program Files\Unity\Hub\Editor\2018.3.8f1\Editor\Data\Resources\PackageManager\BuiltInPackages\com.unity.modules.unityanalytics)
[Package Manager]  * Package :  com.unity.modules.unitywebrequest@1.0.0
    (location: C:\Program Files\Unity\Hub\Editor\2018.3.8f1\Editor\Data\Resources\PackageManager\BuiltInPackages\com.unity.modules.unitywebrequest)
[Package Manager]  * Package :  com.unity.modules.unitywebrequestassetbundle@1.0.0
    (location: C:\Program Files\Unity\Hub\Editor\2018.3.8f1\Editor\Data\Resources\PackageManager\BuiltInPackages\com.unity.modules.unitywebrequestassetbundle)
[Package Manager]  * Package :  com.unity.modules.unitywebrequestaudio@1.0.0
    (location: C:\Program Files\Unity\Hub\Editor\2018.3.8f1\Editor\Data\Resources\PackageManager\BuiltInPackages\com.unity.modules.unitywebrequestaudio)
[Package Manager]  * Package :  com.unity.modules.unitywebrequesttexture@1.0.0
    (location: C:\Program Files\Unity\Hub\Editor\2018.3.8f1\Editor\Data\Resources\PackageManager\BuiltInPackages\com.unity.modules.unitywebrequesttexture)
[Package Manager]  * Package :  com.unity.modules.unitywebrequestwww@1.0.0
    (location: C:\Program Files\Unity\Hub\Editor\2018.3.8f1\Editor\Data\Resources\PackageManager\BuiltInPackages\com.unity.modules.unitywebrequestwww)
[Package Manager]  * Package :  com.unity.modules.vehicles@1.0.0
    (location: C:\Program Files\Unity\Hub\Editor\2018.3.8f1\Editor\Data\Resources\PackageManager\BuiltInPackages\com.unity.modules.vehicles)
[Package Manager]  * Package :  com.unity.modules.video@1.0.0
    (location: C:\Program Files\Unity\Hub\Editor\2018.3.8f1\Editor\Data\Resources\PackageManager\BuiltInPackages\com.unity.modules.video)
[Package Manager]  * Package :  com.unity.modules.vr@1.0.0
    (location: C:\Program Files\Unity\Hub\Editor\2018.3.8f1\Editor\Data\Resources\PackageManager\BuiltInPackages\com.unity.modules.vr)
[Package Manager]  * Package :  com.unity.modules.wind@1.0.0
    (location: C:\Program Files\Unity\Hub\Editor\2018.3.8f1\Editor\Data\Resources\PackageManager\BuiltInPackages\com.unity.modules.wind)
[Package Manager]  * Package :  com.unity.modules.xr@1.0.0
    (location: C:\Program Files\Unity\Hub\Editor\2018.3.8f1\Editor\Data\Resources\PackageManager\BuiltInPackages\com.unity.modules.xr)
[Package Manager] Done registering packages in 0.01s seconds
Initialize engine version: 2018.3.8f1 (fc0fe30d6d91)
GfxDevice: creating device client; threaded=0
Direct3D:
    Version:  Direct3D 11.0 [level 11.1]
    Renderer: NVIDIA GeForce GTX 1080 (ID=0x1b80)
    Vendor:   
    VRAM:     8079 MB
    Driver:   24.21.13.9836
[EnlightenBakeManager] m_Clear = false;
WARNING: Shader Unsupported: 'AR/TangoARRender' - Pass '' has no vertex shader
WARNING: Shader Unsupported: 'AR/TangoARRender' - Setting to default shader.
WARNING: Shader Unsupported: 'Hidden/VideoDecodeOSX' - Pass 'Flip_RGBARect_To_RGBA' has no vertex shader
WARNING: Shader Unsupported: 'Hidden/VideoDecodeOSX' - Setting to default shader.
WARNING: Shader Unsupported: 'Hidden/VideoDecodeAndroid' - Pass 'RGBAExternal_To_RGBA' has no vertex shader
WARNING: Shader Unsupported: 'Hidden/VideoDecodeAndroid' - Setting to default shader.
Initialize mono
Mono path[0] = 'C:/Program Files/Unity/Hub/Editor/2018.3.8f1/Editor/Data/Managed'
Mono path[1] = 'C:/Program Files/Unity/Hub/Editor/2018.3.8f1/Editor/Data/MonoBleedingEdge/lib/mono/unityjit'
Mono config path = 'C:/Program Files/Unity/Hub/Editor/2018.3.8f1/Editor/Data/MonoBleedingEdge/etc'
Using monoOptions --debugger-agent=transport=dt_socket,embedding=1,server=y,suspend=n,address=0.0.0.0:56804
Begin MonoManager ReloadAssembly
Refreshing native plugins compatible for Editor in 0.41 ms, found 3 plugins.
Initializing Unity.PackageManager (PackageManager) v2018.3.8 for Unity v2018.3.8f1
Registering precompiled unity dll's ...
Register platform support module: C:\Program Files\Unity\Hub\Editor\2018.3.8f1\Editor\Data\PlaybackEngines\AndroidPlayer/UnityEditor.Android.Extensions.dll
Register platform support module: C:\Program Files\Unity\Hub\Editor\2018.3.8f1\Editor\Data\PlaybackEngines\WebGLSupport/UnityEditor.WebGL.Extensions.dll
Register platform support module: C:\Program Files\Unity\Hub\Editor\2018.3.8f1\Editor\Data\PlaybackEngines\windowsstandalonesupport/UnityEditor.WindowsStandalone.Extensions.dll
Registered in 0.003863 seconds.
Registering platform support modules:
Registered platform support modules in: 0.0892099s.
Native extension for Android target not found
Native extension for WebGL target not found
Native extension for WindowsStandalone target not found
Refreshing native plugins compatible for Editor in 0.46 ms, found 3 plugins.
Preloading 1 native plugins for Editor in 1.74 ms.
Mono: successfully reloaded assembly
- Completed reload, in  1.537 seconds
Registering precompiled user dll's ...
Registered in 0.126624 seconds.
Platform modules already initialized, skipping
Begin MonoManager ReloadAssembly
Initializing Unity.PackageManager (PackageManager) v2018.3.8 for Unity v2018.3.8f1
Registering platform support modules:
Registered platform support modules in: 0.0448696s.
Native extension for Android target not found
Native extension for WebGL target not found
Native extension for WindowsStandalone target not found
Refreshing native plugins compatible for Editor in 0.46 ms, found 3 plugins.
Preloading 1 native plugins for Editor in 0.18 ms.
Mono: successfully reloaded assembly
- Completed reload, in  1.282 seconds
Platform modules already initialized, skipping
- Starting compile Library/ScriptAssemblies/Unity.TextMeshPro.dll
- Starting compile Library/ScriptAssemblies/Unity.Analytics.DataPrivacy.dll
- Starting compile Library/ScriptAssemblies/Unity.PackageManagerUI.Editor.dll
- Starting compile Library/ScriptAssemblies/Unity.CollabProxy.Editor.dll
- Finished compile Library/ScriptAssemblies/Unity.Analytics.DataPrivacy.dll
Symbols will be read from Temp\Unity.Analytics.DataPrivacy.pdb
Script Module: Unity.Analytics.DataPrivacy.dll
Pass: 0 took 58 milliseconds
Pass: 1 took 4 milliseconds
- Finished compile Library/ScriptAssemblies/Unity.PackageManagerUI.Editor.dll
- Finished compile Library/ScriptAssemblies/Unity.CollabProxy.Editor.dll
- Finished compile Library/ScriptAssemblies/Unity.TextMeshPro.dll
Symbols will be read from Temp\Unity.TextMeshPro.pdb
Script Module: Unity.TextMeshPro.dll
Pass: 0 took 79 milliseconds
Pass: 1 took 12 milliseconds
- Starting compile Library/ScriptAssemblies/Unity.TextMeshPro.Editor.dll
- Finished compile Library/ScriptAssemblies/Unity.TextMeshPro.Editor.dll
Begin MonoManager ReloadAssembly
Initializing Unity.PackageManager (PackageManager) v2018.3.8 for Unity v2018.3.8f1
Registering platform support modules:
Registered platform support modules in: 0.0467328s.
Native extension for Android target not found
Native extension for WebGL target not found
Native extension for WindowsStandalone target not found
Refreshing native plugins compatible for Editor in 0.48 ms, found 3 plugins.
Preloading 1 native plugins for Editor in 0.18 ms.
Mono: successfully reloaded assembly
- Completed reload, in  1.192 seconds
Platform modules already initialized, skipping
- Starting compile Library/ScriptAssemblies/Assembly-CSharp.dll
- Finished compile Library/ScriptAssemblies/Assembly-CSharp.dll
Symbols will be read from Temp\Assembly-CSharp.pdb
Script Module: Assembly-CSharp.dll
Pass: 0 took 61 milliseconds
Pass: 1 took 44 milliseconds
- Starting compile Library/ScriptAssemblies/Assembly-CSharp-Editor.dll
- Finished compile Library/ScriptAssemblies/Assembly-CSharp-Editor.dll
Assets\VRM\UniHumanoid\Scripts\IO\BvhImporterContext.cs(220,59): warning CS0618: 'ReplacePrefabOptions' is obsolete: 'This has turned into the more explicit APIs, SavePrefabAsset, SaveAsPrefabAsset, SaveAsPrefabAssetAndConnect'
 
(Filename: Assets\VRM\UniHumanoid\Scripts\IO\BvhImporterContext.cs Line: 220)

Assets\VRM\UniHumanoid\Scripts\IO\BvhImporterContext.cs(220,17): warning CS0618: 'PrefabUtility.ReplacePrefab(GameObject, Object, ReplacePrefabOptions)' is obsolete: 'Use SaveAsPrefabAsset or SaveAsPrefabAssetAndConnect with a path instead.'
 
(Filename: Assets\VRM\UniHumanoid\Scripts\IO\BvhImporterContext.cs Line: 220)

Assets\VRM\UniHumanoid\Scripts\IO\BvhImporterContext.cs(225,17): warning CS0618: 'PrefabUtility.CreatePrefab(string, GameObject)' is obsolete: 'Use SaveAsPrefabAsset instead.'
 
(Filename: Assets\VRM\UniHumanoid\Scripts\IO\BvhImporterContext.cs Line: 225)

Assets\VRM\UniVRM\Scripts\Format\VRMVersionPartial.cs(88,30): warning CS0168: The variable 'e' is declared but never used
 
(Filename: Assets\VRM\UniVRM\Scripts\Format\VRMVersionPartial.cs Line: 88)

Assets\VRM\UniGLTF\Scripts\IO\TextureLoader.cs(274,40): warning CS0618: 'WWW' is obsolete: 'Use UnityWebRequest, a fully featured replacement which is more efficient and has additional features'
 
(Filename: Assets\VRM\UniGLTF\Scripts\IO\TextureLoader.cs Line: 274)

Assets\VRM\UniGLTF\Scripts\IO\ImporterContext.cs(885,59): warning CS0618: 'ReplacePrefabOptions' is obsolete: 'This has turned into the more explicit APIs, SavePrefabAsset, SaveAsPrefabAsset, SaveAsPrefabAssetAndConnect'
 
(Filename: Assets\VRM\UniGLTF\Scripts\IO\ImporterContext.cs Line: 885)

Assets\VRM\UniGLTF\Scripts\IO\ImporterContext.cs(885,17): warning CS0618: 'PrefabUtility.ReplacePrefab(GameObject, Object, ReplacePrefabOptions)' is obsolete: 'Use SaveAsPrefabAsset or SaveAsPrefabAssetAndConnect with a path instead.'
 
(Filename: Assets\VRM\UniGLTF\Scripts\IO\ImporterContext.cs Line: 885)

Assets\VRM\UniGLTF\Scripts\IO\ImporterContext.cs(890,17): warning CS0618: 'PrefabUtility.CreatePrefab(string, GameObject)' is obsolete: 'Use SaveAsPrefabAsset instead.'
 
(Filename: Assets\VRM\UniGLTF\Scripts\IO\ImporterContext.cs Line: 890)

Assets\VRM\UniHumanoid\Scenes\RuntimeBvhLoader.cs(20,27): warning CS0649: Field 'RuntimeBvhLoader.m_dst' is never assigned to, and will always have its default value null
 
(Filename: Assets\VRM\UniHumanoid\Scenes\RuntimeBvhLoader.cs Line: 20)

Assets\VRM\UniVRM\Scripts\SpringBone\VRMSpringBone.cs(21,14): warning CS0649: Field 'VRMSpringBone.m_drawGizmo' is never assigned to, and will always have its default value false
 
(Filename: Assets\VRM\UniVRM\Scripts\SpringBone\VRMSpringBone.cs Line: 21)

Assets\VRM\UniHumanoid\Scenes\RuntimeBvhLoader.cs(17,16): warning CS0649: Field 'RuntimeBvhLoader.m_openButton' is never assigned to, and will always have its default value null
 
(Filename: Assets\VRM\UniHumanoid\Scenes\RuntimeBvhLoader.cs Line: 17)

Reloading assemblies after script compilation.
Begin MonoManager ReloadAssembly
Initializing Unity.PackageManager (PackageManager) v2018.3.8 for Unity v2018.3.8f1
Registering platform support modules:
Registered platform support modules in: 0.0472107s.
Native extension for Android target not found
Native extension for WebGL target not found
Native extension for WindowsStandalone target not found
Refreshing native plugins compatible for Editor in 0.45 ms, found 3 plugins.
Preloading 1 native plugins for Editor in 0.18 ms.
Mono: successfully reloaded assembly
- Completed reload, in  1.233 seconds
Platform modules already initialized, skipping
Validating Project structure ... 0.032634 seconds.
Refresh: detecting if any assets need to be imported or removed ...

Refresh Completed time: 0.067966s
	Asset Scan time: 0.064811s
	Asset Hashing: 0.000000s [0 B, 0.000000 mb/s]
	Asset Import (Scripting) time: 0.000000s (count: 0)
	Post Processs Assets (Scripting) time: 0.000000s
	Asset Rehashing: 0.000000s [0 B, 0.000000 mb/s]
	Asset Import (Non Scripting) time: 0.000000s (count: 0)
	Post Process Assets (Non Scripting) time: 0.000000s
	Dependent Assets to Import Queue time: 0.000000s

WARNING: Shader Unsupported: 'Hidden/VideoDecodeOSX' - Pass 'Flip_RGBARect_To_RGBA' has no vertex shader
WARNING: Shader Unsupported: 'Hidden/VideoDecodeOSX' - Setting to default shader.
WARNING: Shader Unsupported: 'AR/TangoARRender' - Pass '' has no vertex shader
WARNING: Shader Unsupported: 'AR/TangoARRender' - Setting to default shader.
WARNING: Shader Unsupported: 'Hidden/VideoDecodeAndroid' - Pass 'RGBAExternal_To_RGBA' has no vertex shader
WARNING: Shader Unsupported: 'Hidden/VideoDecodeAndroid' - Setting to default shader.
Warming cache for 1455 main assets: 0.002505 seconds elapsed
Initializing Unity extensions:
 'C:/Program Files/Unity/Hub/Editor/2018.3.8f1/Editor/Data/UnityExtensions/Unity/Timeline/Runtime/UnityEngine.Timeline.dll'  GUID: 6a10b2909283487f913b00d94cd3faf5
 'C:/Program Files/Unity/Hub/Editor/2018.3.8f1/Editor/Data/UnityExtensions/Unity/TestRunner/portable/nunit.framework.dll'  GUID: 405b9b51bb344a128608d968297df79c
 'C:/Program Files/Unity/Hub/Editor/2018.3.8f1/Editor/Data/UnityExtensions/Unity/GUISystem/Standalone/UnityEngine.UI.dll'  GUID: f70555f144d8491a825f0804e09c671c
 'C:/Program Files/Unity/Hub/Editor/2018.3.8f1/Editor/Data/UnityExtensions/Unity/GUISystem/UnityEngine.UI.dll'  GUID: f5f67c52d1564df4a8936ccd202a3bd8
 'C:/Program Files/Unity/Hub/Editor/2018.3.8f1/Editor/Data/UnityExtensions/Unity/Timeline/RuntimeEditor/UnityEngine.Timeline.dll'  GUID: 844f815391db42d49455cbf1a7bfc434
 'C:/Program Files/Unity/Hub/Editor/2018.3.8f1/Editor/Data/UnityExtensions/Unity/Networking/Standalone/UnityEngine.Networking.dll'  GUID: dc443db3e92b4983b9738c1131f555cb
 'C:/Program Files/Unity/Hub/Editor/2018.3.8f1/Editor/Data/UnityExtensions/Unity/UnitySpatialTracking/Runtime/UnityEngine.SpatialTracking.dll'  GUID: ed7343f30e3843b3afda8f8b02669cea
 'C:/Program Files/Unity/Hub/Editor/2018.3.8f1/Editor/Data/UnityExtensions/Unity/UnityGoogleAudioSpatializer/Editor/UnityEditor.GoogleAudioSpatializer.dll'  GUID: 4a3ecb1425d14502837abea459cf2b70
 'C:/Program Files/Unity/Hub/Editor/2018.3.8f1/Editor/Data/UnityExtensions/Unity/Networking/Editor/UnityEditor.Networking.dll'  GUID: 5f32cd94baa94578a686d4b9d6b660f7
 'C:/Program Files/Unity/Hub/Editor/2018.3.8f1/Editor/Data/UnityExtensions/Unity/UnitySpatialTracking/Editor/UnityEditor.SpatialTracking.dll'  GUID: b5da970776034f77a070d99423d68791
 'C:/Program Files/Unity/Hub/Editor/2018.3.8f1/Editor/Data/UnityExtensions/Unity/Networking/UnityEngine.Networking.dll'  GUID: 870353891bb340e2b2a9c8707e7419ba
 'C:/Program Files/Unity/Hub/Editor/2018.3.8f1/Editor/Data/UnityExtensions/Unity/TestRunner/UnityEngine.TestRunner.dll'  GUID: 53ebcfaa2e1e4e2dbc85882cd5a73fa1
 'C:/Program Files/Unity/Hub/Editor/2018.3.8f1/Editor/Data/UnityExtensions/Unity/UnityGoogleAudioSpatializer/RuntimeEditor/UnityEngine.GoogleAudioSpatializer.dll'  GUID: ead147da21254ff9a0a936bdd75e1680
 'C:/Program Files/Unity/Hub/Editor/2018.3.8f1/Editor/Data/UnityExtensions/Unity/UnityGoogleAudioSpatializer/Runtime/UnityEngine.GoogleAudioSpatializer.dll'  GUID: e4f4cf1b9b434137a499903a7a1d651a
 'C:/Program Files/Unity/Hub/Editor/2018.3.8f1/Editor/Data/UnityExtensions/Unity/UnityVR/Editor/UnityEditor.VR.dll'  GUID: 4ba2329b63d54f0187bcaa12486b1b0f
 'C:/Program Files/Unity/Hub/Editor/2018.3.8f1/Editor/Data/UnityExtensions/Unity/UnitySpatialTracking/RuntimeEditor/UnityEngine.SpatialTracking.dll'  GUID: 3a84de5cd0624681b6b6dcd8921d912a
 'C:/Program Files/Unity/Hub/Editor/2018.3.8f1/Editor/Data/UnityExtensions/Unity/GUISystem/Editor/UnityEditor.UI.dll'  GUID: 80a3616ca19596e4da0f10f14d241e9f
 'C:/Program Files/Unity/Hub/Editor/2018.3.8f1/Editor/Data/UnityExtensions/Unity/TestRunner/Editor/UnityEditor.TestRunner.dll'  GUID: 4113173d5e95493ab8765d7b08371de4
 'C:/Program Files/Unity/Hub/Editor/2018.3.8f1/Editor/Data/UnityExtensions/Unity/TestRunner/net35/unity-custom/nunit.framework.dll'  GUID: 4b3fa4bde7f1451a8218c03ee6a8ded8
 'C:/Program Files/Unity/Hub/Editor/2018.3.8f1/Editor/Data/UnityExtensions/Unity/Timeline/Editor/UnityEditor.Timeline.dll'  GUID: 7668179ede524d6396c8b7d84461ea29
Unloading 847 Unused Serialized files (Serialized files now loaded: 0)
System memory in use before: 148.6 MB.
System memory in use after: 147.3 MB.

Unloading 170 unused Assets to reduce memory usage. Loaded Objects now: 1543.
Total: 3.487123 ms (FindLiveObjects: 0.285586 ms CreateObjectMapping: 0.038214 ms MarkObjects: 2.173253 ms  DeleteObjects: 0.988903 ms)

WARNING: Shader Unsupported: 'Hidden/VideoDecodeOSX' - Pass 'Flip_RGBARect_To_RGBA' has no vertex shader
WARNING: Shader Unsupported: 'Hidden/VideoDecodeOSX' - Setting to default shader.
WARNING: Shader Unsupported: 'Hidden/VideoDecodeAndroid' - Pass 'RGBAExternal_To_RGBA' has no vertex shader
WARNING: Shader Unsupported: 'Hidden/VideoDecodeAndroid' - Setting to default shader.
Script Compilation Pipeline Post Process Assets time: 0.000410s
Assembly Updater Post Process Assets time: 0.000296s
Updating ProjectSettings/GraphicsSettings.asset - GUID: 00000000000000006100000000000000...
 done. [Time: 90.434449 ms] 
Updating ProjectSettings/UnityConnectSettings.asset - GUID: 0000000000000000a100000000000000...
 done. [Time: 5.637039 ms] 
Script Compilation Pipeline Post Process Assets time: 0.000012s
Assembly Updater Post Process Assets time: 0.000288s
Refreshing native plugins compatible for Editor in 0.44 ms, found 3 plugins.
Preloading 1 native plugins for Editor in 0.19 ms.
DisplayProgressbar: Checking prerequisites
Android PostProcess task "Checking prerequisites" took 3.5959 ms
DisplayProgressbar: Detect Java Development Kit (JDK)
Android PostProcess task "Detect Java Development Kit (JDK)" took 206.1997 ms
DisplayProgressbar: Detecting Android SDK
AndroidSDKTools:

	root          : C:/Users/blueback/AppData/Local/Android/Sdk
	tools         : C:/Users/blueback/AppData/Local/Android/Sdk\tools
	platform-tools: C:/Users/blueback/AppData/Local/Android/Sdk\platform-tools
	build-tools   : C:\Users\blueback\AppData\Local\Android\Sdk\build-tools\28.0.3

	adb      : C:/Users/blueback/AppData/Local/Android/Sdk\platform-tools\adb.exe
	aapt     : C:\Users\blueback\AppData\Local\Android\Sdk\build-tools\28.0.3\aapt.exe
	zipalign : C:\Users\blueback\AppData\Local\Android\Sdk\build-tools\28.0.3\zipalign.exe

AndroidJavaTools:
	java     : C:\Program Files\Unity\Hub\Editor\2018.3.8f1\Editor\Data\PlaybackEngines\AndroidPlayer/Tools\OpenJDK\Windows\bin\java.exe
	heapsize : 4096

Android PostProcess task "Detecting Android SDK" took 1538.9154 ms
Android PostProcess task "Detect Android NDK" took 0.0977 ms
Android PostProcess task "Trying to find a suitable Android device" took 0.3125 ms
BuildPlayer: start building target 13
- Starting compile Library/ScriptAssemblies/Unity.TextMeshPro.dll
- Starting compile Library/ScriptAssemblies/Unity.Analytics.DataPrivacy.dll
- Finished compile Library/ScriptAssemblies/Unity.Analytics.DataPrivacy.dll
Symbols will be read from Temp\Unity.Analytics.DataPrivacy.pdb
Script Module: Unity.Analytics.DataPrivacy.dll
Pass: 0 took 56 milliseconds
Pass: 1 took 3 milliseconds
- Finished compile Library/ScriptAssemblies/Unity.TextMeshPro.dll
Symbols will be read from Temp\Unity.TextMeshPro.pdb
Script Module: Unity.TextMeshPro.dll
Pass: 0 took 50 milliseconds
Pass: 1 took 10 milliseconds
- Starting compile Library/ScriptAssemblies/Assembly-CSharp.dll
- Finished compile Library/ScriptAssemblies/Assembly-CSharp.dll
Symbols will be read from Temp\Assembly-CSharp.pdb
Script Module: Assembly-CSharp.dll
Pass: 0 took 34 milliseconds
Pass: 1 took 37 milliseconds
Assets\VRM\UniGLTF\Scripts\IO\TextureLoader.cs(274,40): warning CS0618: 'WWW' is obsolete: 'Use UnityWebRequest, a fully featured replacement which is more efficient and has additional features'
 
(Filename: Assets\VRM\UniGLTF\Scripts\IO\TextureLoader.cs Line: 274)

Assets\VRM\UniVRM\Scripts\Format\VRMVersionPartial.cs(88,30): warning CS0168: The variable 'e' is declared but never used
 
(Filename: Assets\VRM\UniVRM\Scripts\Format\VRMVersionPartial.cs Line: 88)

Assets\VRM\UniHumanoid\Scenes\RuntimeBvhLoader.cs(17,16): warning CS0649: Field 'RuntimeBvhLoader.m_openButton' is never assigned to, and will always have its default value null
 
(Filename: Assets\VRM\UniHumanoid\Scenes\RuntimeBvhLoader.cs Line: 17)

Assets\VRM\UniVRM\Scripts\SpringBone\VRMSpringBone.cs(21,14): warning CS0649: Field 'VRMSpringBone.m_drawGizmo' is never assigned to, and will always have its default value false
 
(Filename: Assets\VRM\UniVRM\Scripts\SpringBone\VRMSpringBone.cs Line: 21)

Assets\VRM\UniHumanoid\Scenes\RuntimeBvhLoader.cs(20,27): warning CS0649: Field 'RuntimeBvhLoader.m_dst' is never assigned to, and will always have its default value null
 
(Filename: Assets\VRM\UniHumanoid\Scenes\RuntimeBvhLoader.cs Line: 20)

DisplayProgressbar: Building Player
WARNING: Shader Unsupported: 'Hidden/VideoDecodeOSX' - Pass 'Flip_RGBARect_To_RGBA' has no vertex shader
WARNING: Shader Unsupported: 'Hidden/VideoDecodeOSX' - Setting to default shader.
WARNING: Shader Unsupported: 'Hidden/VideoDecodeAndroid' - Pass 'RGBAExternal_To_RGBA' has no vertex shader
WARNING: Shader Unsupported: 'Hidden/VideoDecodeAndroid' - Setting to default shader.
Refresh: detecting if any assets need to be imported or removed ...

Refresh Completed time: 0.069050s
	Asset Scan time: 0.065796s
	Asset Hashing: 0.000000s [0 B, 0.000000 mb/s]
	Asset Import (Scripting) time: 0.000000s (count: 0)
	Post Processs Assets (Scripting) time: 0.000000s
	Asset Rehashing: 0.000000s [0 B, 0.000000 mb/s]
	Asset Import (Non Scripting) time: 0.000000s (count: 0)
	Post Process Assets (Non Scripting) time: 0.000000s
	Dependent Assets to Import Queue time: 0.000000s

Determining assets that need to be reimported for target platform ... 0.526981 seconds.

Hashing assets (104 files)... 0.219 seconds
  file read: 0.090 seconds (172.621 MB)
  wait for write: 0.078 seconds (I/O thread blocked by consumer, aka CPU bound)
  wait for read: 0.002 seconds (CPUT thread waiting for I/O thread, aka disk bound)
  hash: 0.214 seconds

Hashing assets (13 files)... 0.004 seconds
  file read: 0.002 seconds (1.027 MB)
  wait for write: 0.000 seconds (I/O thread blocked by consumer, aka CPU bound)
  wait for read: 0.002 seconds (CPUT thread waiting for I/O thread, aka disk bound)
  hash: 0.001 seconds
Updating Packages/com.unity.package-manager-ui/Editor/Resources/Images/Light/loading.png - GUID: 01e02995805eb483690380a911a657e2...
Launched and connected shader compiler UnityShaderCompiler.exe after 0.05 seconds
 done. [Time: 134.820149 ms] 
Updating Assets/Resources/Tree/Tree_Textures/translucency_gloss.png - GUID: 02ad05410546f0e408ce80e0e2ef5b59...
 done. [Time: 27.076106 ms] 
Updating Assets/Resources/Terrain/map.png - GUID: 0718759289b6d484e874d98d93f4d109...
 done. [Time: 15.253026 ms] 
Updating Assets/Resources/slider.png - GUID: 090070dfc8f7d044085619a334b54986...
 done. [Time: 17.976448 ms] 
Updating Assets/Resources/IMGP8657.jpg - GUID: 226f46c8000d89245a1ab2cd2b418cc7...
 done. [Time: 436.515199 ms] 
Updating Packages/com.unity.package-manager-ui/Editor/Resources/Images/Dark/loading.png - GUID: 3cf132d4fa07f4f0cb2883499c5c7dd0...
 done. [Time: 23.639449 ms] 
Updating Packages/com.unity.package-manager-ui/Editor/Resources/Images/Light/error.png - GUID: 4c433abcdb28444ebb7bd395ba5c76fc...
 done. [Time: 19.029527 ms] 
Updating Packages/com.unity.package-manager-ui/Editor/Resources/Images/Dark/download.png - GUID: 4dfd3f5da88944ec6ac5977d676c30c6...
 done. [Time: 17.561342 ms] 
Updating Assets/Resources/maru.png - GUID: 5700824b71cde914eaf6751defd34206...
 done. [Time: 40.984341 ms] 
Updating Packages/com.unity.package-manager-ui/Editor/Resources/Images/Dark/error.png - GUID: acc34040a66fe4170bc8885268860cfe...
 done. [Time: 20.672448 ms] 
Updating Assets/Resources/Tree/Tree_Textures/normal_specular.png - GUID: d85701371c03fb34c941d691ab61099b...
 done. [Time: 18.985479 ms] 
Updating Assets/Resources/Tree/Tree_Textures/diffuse.png - GUID: eb44506057d5f2640926a25251ffea7c...
 done. [Time: 28.883844 ms] 
Updating Packages/com.unity.package-manager-ui/Editor/Resources/Images/Light/download.png - GUID: f8eca3a711f4842eba0c52ea9885ef7f...
 done. [Time: 16.307273 ms] 
Script Compilation Pipeline Post Process Assets time: 0.000041s
Assembly Updater Post Process Assets time: 0.001964s
Unloading 1326 Unused Serialized files (Serialized files now loaded: 0)
System memory in use before: 161.9 MB.
System memory in use after: 162.0 MB.

Unloading 1320 unused Assets to reduce memory usage. Loaded Objects now: 1575.
Total: 14.419314 ms (FindLiveObjects: 0.387102 ms CreateObjectMapping: 0.075553 ms MarkObjects: 13.701703 ms  DeleteObjects: 0.254081 ms)

Refreshing native plugins compatible for Editor in 9.33 ms, found 3 plugins.
Preloading 1 native plugins for Editor in 0.19 ms.
WARNING: Shader Unsupported: 'Hidden/VideoDecodeOSX' - Pass 'Flip_RGBARect_To_RGBA' has no vertex shader
WARNING: Shader Unsupported: 'Hidden/VideoDecodeOSX' - Setting to default shader.
WARNING: Shader Unsupported: 'Hidden/VideoDecodeAndroid' - Pass 'RGBAExternal_To_RGBA' has no vertex shader
WARNING: Shader Unsupported: 'Hidden/VideoDecodeAndroid' - Setting to default shader.
Refresh: detecting if any assets need to be imported or removed ...

Refresh Completed time: 0.073302s
	Asset Scan time: 0.070490s
	Asset Hashing: 0.000000s [0 B, 0.000000 mb/s]
	Asset Import (Scripting) time: 0.000000s (count: 0)
	Post Processs Assets (Scripting) time: 0.000000s
	Asset Rehashing: 0.000000s [0 B, 0.000000 mb/s]
	Asset Import (Non Scripting) time: 0.000000s (count: 0)
	Post Process Assets (Non Scripting) time: 0.000000s
	Dependent Assets to Import Queue time: 0.000000s

Determining assets that need to be reimported for target platform ... 0.508233 seconds.

Hashing assets (104 files)... 0.215 seconds
  file read: 0.086 seconds (172.621 MB)
  wait for write: 0.079 seconds (I/O thread blocked by consumer, aka CPU bound)
  wait for read: 0.001 seconds (CPUT thread waiting for I/O thread, aka disk bound)
  hash: 0.211 seconds

Hashing assets (13 files)... 0.003 seconds
  file read: 0.001 seconds (1.027 MB)
  wait for write: 0.000 seconds (I/O thread blocked by consumer, aka CPU bound)
  wait for read: 0.002 seconds (CPUT thread waiting for I/O thread, aka disk bound)
  hash: 0.001 seconds
Updating Packages/com.unity.package-manager-ui/Editor/Resources/Images/Light/loading.png - GUID: 01e02995805eb483690380a911a657e2...
 done. [Time: 99.648750 ms] 
Updating Assets/Resources/Tree/Tree_Textures/translucency_gloss.png - GUID: 02ad05410546f0e408ce80e0e2ef5b59...
 done. [Time: 625.875828 ms] 
Updating Assets/Resources/Terrain/map.png - GUID: 0718759289b6d484e874d98d93f4d109...
 done. [Time: 349.950015 ms] 
Updating Assets/Resources/slider.png - GUID: 090070dfc8f7d044085619a334b54986...
 done. [Time: 119.742442 ms] 
Updating Assets/Resources/IMGP8657.jpg - GUID: 226f46c8000d89245a1ab2cd2b418cc7...
 done. [Time: 3205.661484 ms] 
Updating Packages/com.unity.package-manager-ui/Editor/Resources/Images/Dark/loading.png - GUID: 3cf132d4fa07f4f0cb2883499c5c7dd0...
 done. [Time: 91.775157 ms] 
Updating Packages/com.unity.package-manager-ui/Editor/Resources/Images/Light/error.png - GUID: 4c433abcdb28444ebb7bd395ba5c76fc...
 done. [Time: 78.727763 ms] 
Updating Packages/com.unity.package-manager-ui/Editor/Resources/Images/Dark/download.png - GUID: 4dfd3f5da88944ec6ac5977d676c30c6...
 done. [Time: 68.897367 ms] 
Updating Assets/Resources/maru.png - GUID: 5700824b71cde914eaf6751defd34206...
 done. [Time: 213.467692 ms] 
Updating Packages/com.unity.package-manager-ui/Editor/Resources/Images/Dark/error.png - GUID: acc34040a66fe4170bc8885268860cfe...
 done. [Time: 78.196264 ms] 
Updating Assets/Resources/Tree/Tree_Textures/normal_specular.png - GUID: d85701371c03fb34c941d691ab61099b...
 done. [Time: 646.760643 ms] 
Updating Assets/Resources/Tree/Tree_Textures/diffuse.png - GUID: eb44506057d5f2640926a25251ffea7c...
 done. [Time: 592.743202 ms] 
Updating Packages/com.unity.package-manager-ui/Editor/Resources/Images/Light/download.png - GUID: f8eca3a711f4842eba0c52ea9885ef7f...
 done. [Time: 69.295554 ms] 
Script Compilation Pipeline Post Process Assets time: 0.000041s
Assembly Updater Post Process Assets time: 0.002653s
Unloading 1320 Unused Serialized files (Serialized files now loaded: 0)
System memory in use before: 161.6 MB.
System memory in use after: 161.8 MB.

Unloading 1319 unused Assets to reduce memory usage. Loaded Objects now: 1575.
Total: 14.514120 ms (FindLiveObjects: 0.408105 ms CreateObjectMapping: 0.086055 ms MarkObjects: 13.675157 ms  DeleteObjects: 0.343928 ms)

Refreshing native plugins compatible for Editor in 8.20 ms, found 3 plugins.
Preloading 1 native plugins for Editor in 0.18 ms.
WARNING: Shader Unsupported: 'Hidden/BlitToDepth' - Pass '' has no vertex shader
WARNING: Shader Unsupported: 'Hidden/BlitToDepth' - Setting to default shader.
WARNING: Shader Unsupported: 'Hidden/BlitToDepth_MSAA' - Pass '' has no vertex shader
WARNING: Shader Unsupported: 'Hidden/BlitToDepth_MSAA' - Setting to default shader.
Opening scene 'Assets/TestScene/main.unity'
Load scene 'Assets/TestScene/main.unity' time: 0.013710 ms 
Unloading 14 Unused Serialized files (Serialized files now loaded: 0)
System memory in use before: 135.3 MB.
System memory in use after: 135.1 MB.

Unloading 30 unused Assets to reduce memory usage. Loaded Objects now: 1583.
Total: 14.616220 ms (FindLiveObjects: 0.338386 ms CreateObjectMapping: 0.034714 ms MarkObjects: 13.921946 ms  DeleteObjects: 0.320591 ms)

Created GICache directory at C:/Users/blueback/AppData/LocalLow/Unity/Caches/GiCache. Took: 0.049s, timestamps: [31.430 - 31.480]
[00:00:00] Enlighten: Precompute started.
[PathTracer] Issuing atlassing job. Atlas hash: c76fea2bdba0708c9660795577e6727f, width: 512, height: 512
[00:00:00] Enlighten: Finished 1 Layout Systems job (0.00s execute, 0.00s integrate, 0.01s wallclock)
[PathTracer] Integrated atlassing. Atlas hash: c76fea2bdba0708c9660795577e6727f -> Atlas count: 0 -> Instance count: 0 -> Estimated texel count: 0.000M.
[00:00:00] Enlighten: Finished 1 Tetrahedralize Probes job (0.00s execute, 0.00s integrate, 0.01s wallclock)
[00:00:00] Enlighten: Precompute took 0.021988 seconds.
Enlighten scene contents:   0 geometries.   0 instances.   0 systems.   0 probe groups.   0 cube maps. Scene is up-to-date.
[00:00:00] Enlighten: Bake started.
Setting up 2 worker threads for Enlighten.
  Thread -> id: 52ac -> priority: 1 
  Thread -> id: 4e80 -> priority: 1 
[00:00:00] Enlighten: Finished 1 Create Input Lighting job (0.00s execute, 0.00s integrate, 0.01s wallclock)
[PathTracer][LP] Issuing deduplication and tetrahedralization job. Combined: 80257199cfa681a16be5e09b3c2208f4, tetrahedralized probes: 00000000000000000000000000000000, non-tetrahedralized probes: 00000000000000000000000000000000, dependencies: 00000000000000000000000000000000
[PathTracer][LP] Integrating deduplicated and tetrahedralized probes for hash 80257199cfa681a16be5e09b3c2208f4.
[PathTracer] Common reset.
[PathTracer] Lightmap reset.
[PathTracer][LP] Light probes reset.
[PathTracer][CB] Custom bakes reset.
[PathTracer] building lightmap data asset.
[PathTracer] m_Clear = false;
gi::BakeBackendSwitch: Clear() active clients.
[EnlightenBakeManager] m_Clear = false;
[PathTracer] building lightmap data asset.
[PathTracer] m_Clear = false;
gi::BakeBackendSwitch: switching bake backend from 3 to 1.
[00:00:00] Enlighten: Finished 1 Create Input Lighting job (0.00s execute, 0.00s integrate, 0.01s wallclock)
[00:00:00] Enlighten: Finished 2 Bake Runtime jobs (0.17s execute, 0.00s integrate, 0.08s wallclock)
[00:00:00] Enlighten: Bake took 0.194589 seconds.
[00:00:00] Enlighten: Bake started.
[PathTracer] Updated environment lighting, hash 63f74cb60d9bc8719a0db48ceae7b272.
[PathTracer] Updated environment lighting, hash 64363b7a744862f2cae79ec3a5f7b458.
[PathTracer] Common reset.
[PathTracer] Lightmap reset.
[PathTracer][LP] Light probes reset.
[PathTracer] building lightmap data asset.
[00:00:00] Enlighten: Reflection Probes started.
[00:00:00] Enlighten: Finished 1 Bake Ambient Probe job (0.00s execute, 0.00s integrate, 0.01s wallclock)
[00:00:00] Enlighten: Finished 1 Bake Runtime job (0.07s execute, 0.00s integrate, 0.08s wallclock)
[00:00:00] Enlighten: Bake took 0.077877 seconds.
[00:00:00] Enlighten: Finished 1 Reflection System job (0.00s execute, 0.00s integrate, 0.01s wallclock)
[00:00:00] Enlighten: LightingDataAsset started.
[PathTracer] Fetching lightmaps for lightmap data asset started.
[PathTracer] Fetching lightmaps for lightmap data asset finished.
> Collecting Enlighten data
WARNING: Shader Unsupported: 'Hidden/BlitToDepth' - Pass '' has no vertex shader
WARNING: Shader Unsupported: 'Hidden/BlitToDepth' - Setting to default shader.
WARNING: Shader Unsupported: 'Hidden/BlitToDepth_MSAA' - Pass '' has no vertex shader
WARNING: Shader Unsupported: 'Hidden/BlitToDepth_MSAA' - Setting to default shader.
Launched and connected shader compiler UnityShaderCompiler.exe after 0.07 seconds
Launched and connected shader compiler UnityShaderCompiler.exe after 0.05 seconds
Launched and connected shader compiler UnityShaderCompiler.exe after 0.05 seconds
Launched and connected shader compiler UnityShaderCompiler.exe after 0.05 seconds
Launched and connected shader compiler UnityShaderCompiler.exe after 0.05 seconds
Launched and connected shader compiler UnityShaderCompiler.exe after 0.05 seconds
Launched and connected shader compiler UnityShaderCompiler.exe after 0.05 seconds
Opening scene 'Assets/TestScene/test01.unity'
Load scene 'Assets/TestScene/test01.unity' time: 0.015461 ms 
Unloading 84 Unused Serialized files (Serialized files now loaded: 0)
System memory in use before: 151.9 MB.
System memory in use after: 150.8 MB.

Unloading 157 unused Assets to reduce memory usage. Loaded Objects now: 1591.
Total: 15.722099 ms (FindLiveObjects: 0.323800 ms CreateObjectMapping: 0.036756 ms MarkObjects: 13.918737 ms  DeleteObjects: 1.442515 ms)

[00:00:00] Enlighten: Precompute started.
[PathTracer] building lightmap data asset.
[00:00:00] Enlighten: Finished 1 Layout Systems job (0.00s execute, 0.00s integrate, 0.00s wallclock)
[00:00:00] Enlighten: Finished 1 Tetrahedralize Probes job (0.00s execute, 0.00s integrate, 0.01s wallclock)
[00:00:00] Enlighten: Precompute took 0.010937 seconds.
Enlighten scene contents:   0 geometries.   0 instances.   0 systems.   0 probe groups.   0 cube maps. Scene is up-to-date.
[00:00:00] Enlighten: Bake started.
[00:00:00] Enlighten: Bake took 0.009713 seconds.
[PathTracer] Fetching lightmaps for lightmap data asset started.
[PathTracer] Fetching lightmaps for lightmap data asset finished.
> Collecting Enlighten data
Opening scene 'Assets/TestScene/test02.unity'
Load scene 'Assets/TestScene/test02.unity' time: 0.011377 ms 
Unloading 2 Unused Serialized files (Serialized files now loaded: 0)
System memory in use before: 141.5 MB.
System memory in use after: 141.6 MB.

Unloading 10 unused Assets to reduce memory usage. Loaded Objects now: 1588.
Total: 14.945270 ms (FindLiveObjects: 0.328176 ms CreateObjectMapping: 0.034714 ms MarkObjects: 14.470364 ms  DeleteObjects: 0.110850 ms)

[00:00:00] Enlighten: Precompute started.
[PathTracer] building lightmap data asset.
[00:00:00] Enlighten: Finished 1 Layout Systems job (0.00s execute, 0.00s integrate, 0.00s wallclock)
[00:00:00] Enlighten: Finished 1 Tetrahedralize Probes job (0.00s execute, 0.00s integrate, 0.01s wallclock)
[00:00:00] Enlighten: Precompute took 0.010206 seconds.
Enlighten scene contents:   0 geometries.   0 instances.   0 systems.   0 probe groups.   0 cube maps. Scene is up-to-date.
[00:00:00] Enlighten: Bake started.
[00:00:00] Enlighten: Bake took 0.009643 seconds.
[PathTracer] Fetching lightmaps for lightmap data asset started.
[PathTracer] Fetching lightmaps for lightmap data asset finished.
> Collecting Enlighten data
Opening scene 'Assets/TestScene/test03.unity'
Load scene 'Assets/TestScene/test03.unity' time: 0.023920 ms 
Unloading 2 Unused Serialized files (Serialized files now loaded: 0)
System memory in use before: 141.0 MB.
System memory in use after: 141.1 MB.

Unloading 6 unused Assets to reduce memory usage. Loaded Objects now: 1589.
Total: 14.175151 ms (FindLiveObjects: 0.296963 ms CreateObjectMapping: 0.031505 ms MarkObjects: 13.783966 ms  DeleteObjects: 0.062135 ms)

[00:00:00] Enlighten: Precompute started.
[PathTracer] building lightmap data asset.
[00:00:00] Enlighten: Finished 1 Layout Systems job (0.00s execute, 0.00s integrate, 0.00s wallclock)
[00:00:00] Enlighten: Finished 1 Tetrahedralize Probes job (0.00s execute, 0.00s integrate, 0.01s wallclock)
[00:00:00] Enlighten: Precompute took 0.011021 seconds.
Enlighten scene contents:   0 geometries.   0 instances.   0 systems.   0 probe groups.   0 cube maps. Scene is up-to-date.
[00:00:00] Enlighten: Bake started.
[00:00:00] Enlighten: Bake took 0.010628 seconds.
[PathTracer] Fetching lightmaps for lightmap data asset started.
[PathTracer] Fetching lightmaps for lightmap data asset finished.
> Collecting Enlighten data
Opening scene 'Assets/TestScene/test04.unity'
Load scene 'Assets/TestScene/test04.unity' time: 0.012544 ms 
Unloading 2 Unused Serialized files (Serialized files now loaded: 0)
System memory in use before: 141.0 MB.
System memory in use after: 141.1 MB.

Unloading 6 unused Assets to reduce memory usage. Loaded Objects now: 1590.
Total: 14.872051 ms (FindLiveObjects: 0.305422 ms CreateObjectMapping: 0.032380 ms MarkObjects: 14.443818 ms  DeleteObjects: 0.089847 ms)

[00:00:00] Enlighten: Precompute started.
[PathTracer] building lightmap data asset.
[00:00:00] Enlighten: Finished 1 Layout Systems job (0.00s execute, 0.00s integrate, 0.00s wallclock)
[00:00:00] Enlighten: Finished 1 Tetrahedralize Probes job (0.00s execute, 0.00s integrate, 0.01s wallclock)
[00:00:00] Enlighten: Precompute took 0.010999 seconds.
Enlighten scene contents:   0 geometries.   0 instances.   0 systems.   0 probe groups.   0 cube maps. Scene is up-to-date.
[00:00:00] Enlighten: Bake started.
[00:00:00] Enlighten: Bake took 0.009612 seconds.
[PathTracer] Fetching lightmaps for lightmap data asset started.
[PathTracer] Fetching lightmaps for lightmap data asset finished.
> Collecting Enlighten data
Opening scene 'Assets/TestScene/test05.unity'
Load scene 'Assets/TestScene/test05.unity' time: 0.013127 ms 
Unloading 2 Unused Serialized files (Serialized files now loaded: 0)
System memory in use before: 141.0 MB.
System memory in use after: 141.1 MB.

Unloading 6 unused Assets to reduce memory usage. Loaded Objects now: 1591.
Total: 14.201405 ms (FindLiveObjects: 0.323800 ms CreateObjectMapping: 0.032088 ms MarkObjects: 13.779298 ms  DeleteObjects: 0.065635 ms)

[00:00:00] Enlighten: Precompute started.
[PathTracer] building lightmap data asset.
[00:00:00] Enlighten: Finished 1 Layout Systems job (0.00s execute, 0.00s integrate, 0.00s wallclock)
[00:00:00] Enlighten: Finished 1 Tetrahedralize Probes job (0.00s execute, 0.00s integrate, 0.01s wallclock)
[00:00:00] Enlighten: Precompute took 0.010066 seconds.
Enlighten scene contents:   0 geometries.   0 instances.   0 systems.   0 probe groups.   0 cube maps. Scene is up-to-date.
[00:00:00] Enlighten: Bake started.
[00:00:00] Enlighten: Bake took 0.010602 seconds.
[PathTracer] Fetching lightmaps for lightmap data asset started.
[PathTracer] Fetching lightmaps for lightmap data asset finished.
> Collecting Enlighten data
Opening scene 'Assets/TestScene/test06.unity'
Load scene 'Assets/TestScene/test06.unity' time: 0.023920 ms 
Unloading 2 Unused Serialized files (Serialized files now loaded: 0)
System memory in use before: 141.0 MB.
System memory in use after: 141.1 MB.

Unloading 6 unused Assets to reduce memory usage. Loaded Objects now: 1592.
Total: 14.270541 ms (FindLiveObjects: 0.299588 ms CreateObjectMapping: 0.032380 ms MarkObjects: 13.872355 ms  DeleteObjects: 0.065927 ms)

[00:00:00] Enlighten: Precompute started.
[PathTracer] building lightmap data asset.
[00:00:00] Enlighten: Finished 1 Layout Systems job (0.00s execute, 0.00s integrate, 0.00s wallclock)
[00:00:00] Enlighten: Finished 1 Tetrahedralize Probes job (0.00s execute, 0.00s integrate, 0.01s wallclock)
[00:00:00] Enlighten: Precompute took 0.010073 seconds.
Enlighten scene contents:   0 geometries.   0 instances.   0 systems.   0 probe groups.   0 cube maps. Scene is up-to-date.
[00:00:00] Enlighten: Bake started.
[00:00:00] Enlighten: Bake took 0.009633 seconds.
[PathTracer] Fetching lightmaps for lightmap data asset started.
[PathTracer] Fetching lightmaps for lightmap data asset finished.
> Collecting Enlighten data
Opening scene 'Assets/TestScene/test07.unity'
Load scene 'Assets/TestScene/test07.unity' time: 0.024212 ms 
Unloading 2 Unused Serialized files (Serialized files now loaded: 0)
System memory in use before: 141.0 MB.
System memory in use after: 141.1 MB.

Unloading 6 unused Assets to reduce memory usage. Loaded Objects now: 1593.
Total: 14.374391 ms (FindLiveObjects: 0.312423 ms CreateObjectMapping: 0.032380 ms MarkObjects: 13.942365 ms  DeleteObjects: 0.086638 ms)

[00:00:00] Enlighten: Precompute started.
[PathTracer] building lightmap data asset.
[00:00:00] Enlighten: Finished 1 Layout Systems job (0.00s execute, 0.00s integrate, 0.00s wallclock)
[00:00:00] Enlighten: Finished 1 Tetrahedralize Probes job (0.00s execute, 0.00s integrate, 0.01s wallclock)
[00:00:00] Enlighten: Precompute took 0.010001 seconds.
Enlighten scene contents:   0 geometries.   0 instances.   0 systems.   0 probe groups.   0 cube maps. Scene is up-to-date.
[00:00:00] Enlighten: Bake started.
[00:00:00] Enlighten: Bake took 0.009805 seconds.
[PathTracer] Fetching lightmaps for lightmap data asset started.
[PathTracer] Fetching lightmaps for lightmap data asset finished.
> Collecting Enlighten data
Opening scene 'Assets/TestScene/test08.unity'
Load scene 'Assets/TestScene/test08.unity' time: 0.011668 ms 
Unloading 2 Unused Serialized files (Serialized files now loaded: 0)
System memory in use before: 141.0 MB.
System memory in use after: 141.1 MB.

Unloading 6 unused Assets to reduce memory usage. Loaded Objects now: 1594.
Total: 14.608343 ms (FindLiveObjects: 0.301047 ms CreateObjectMapping: 0.036756 ms MarkObjects: 14.200822 ms  DeleteObjects: 0.069136 ms)

[00:00:00] Enlighten: Precompute started.
[PathTracer] building lightmap data asset.
[00:00:00] Enlighten: Finished 1 Layout Systems job (0.00s execute, 0.00s integrate, 0.00s wallclock)
[00:00:00] Enlighten: Finished 1 Tetrahedralize Probes job (0.01s execute, 0.00s integrate, 0.01s wallclock)
[00:00:00] Enlighten: Precompute took 0.011034 seconds.
Enlighten scene contents:   0 geometries.   0 instances.   0 systems.   0 probe groups.   0 cube maps. Scene is up-to-date.
[00:00:00] Enlighten: Bake started.
[00:00:00] Enlighten: Bake took 0.010407 seconds.
[PathTracer] Fetching lightmaps for lightmap data asset started.
[PathTracer] Fetching lightmaps for lightmap data asset finished.
> Collecting Enlighten data
Opening scene 'Assets/TestScene/test09.unity'
Load scene 'Assets/TestScene/test09.unity' time: 0.024212 ms 
Unloading 2 Unused Serialized files (Serialized files now loaded: 0)
System memory in use before: 141.0 MB.
System memory in use after: 141.1 MB.

Unloading 6 unused Assets to reduce memory usage. Loaded Objects now: 1595.
Total: 14.437692 ms (FindLiveObjects: 0.296671 ms CreateObjectMapping: 0.032088 ms MarkObjects: 14.017627 ms  DeleteObjects: 0.090139 ms)

[00:00:00] Enlighten: Precompute started.
[PathTracer] building lightmap data asset.
[00:00:00] Enlighten: Finished 1 Layout Systems job (0.00s execute, 0.00s integrate, 0.00s wallclock)
[00:00:00] Enlighten: Finished 1 Tetrahedralize Probes job (0.00s execute, 0.00s integrate, 0.01s wallclock)
[00:00:00] Enlighten: Precompute took 0.010248 seconds.
Enlighten scene contents:   0 geometries.   0 instances.   0 systems.   0 probe groups.   0 cube maps. Scene is up-to-date.
[00:00:00] Enlighten: Bake started.
[00:00:00] Enlighten: Bake took 0.010458 seconds.
[PathTracer] Fetching lightmaps for lightmap data asset started.
[PathTracer] Fetching lightmaps for lightmap data asset finished.
> Collecting Enlighten data
Opening scene 'Assets/TestScene/test10.unity'
Load scene 'Assets/TestScene/test10.unity' time: 0.024212 ms 
Unloading 2 Unused Serialized files (Serialized files now loaded: 0)
System memory in use before: 141.0 MB.
System memory in use after: 141.1 MB.

Unloading 6 unused Assets to reduce memory usage. Loaded Objects now: 1596.
Total: 21.111474 ms (FindLiveObjects: 0.334302 ms CreateObjectMapping: 0.039381 ms MarkObjects: 20.667781 ms  DeleteObjects: 0.069427 ms)

[00:00:00] Enlighten: Precompute started.
[PathTracer] building lightmap data asset.
[00:00:00] Enlighten: Finished 1 Layout Systems job (0.00s execute, 0.00s integrate, 0.00s wallclock)
[00:00:00] Enlighten: Finished 1 Tetrahedralize Probes job (0.00s execute, 0.00s integrate, 0.01s wallclock)
[00:00:00] Enlighten: Precompute took 0.010038 seconds.
Enlighten scene contents:   0 geometries.   0 instances.   0 systems.   0 probe groups.   0 cube maps. Scene is up-to-date.
[00:00:00] Enlighten: Bake started.
[00:00:00] Enlighten: Bake took 0.010656 seconds.
[PathTracer] Fetching lightmaps for lightmap data asset started.
[PathTracer] Fetching lightmaps for lightmap data asset finished.
> Collecting Enlighten data
Opening scene 'Assets/TestScene/test11.unity'
Load scene 'Assets/TestScene/test11.unity' time: 0.025671 ms 
Unloading 2 Unused Serialized files (Serialized files now loaded: 0)
System memory in use before: 141.0 MB.
System memory in use after: 141.1 MB.

Unloading 6 unused Assets to reduce memory usage. Loaded Objects now: 1597.
Total: 17.331765 ms (FindLiveObjects: 0.359097 ms CreateObjectMapping: 0.043465 ms MarkObjects: 16.862109 ms  DeleteObjects: 0.066219 ms)

[00:00:00] Enlighten: Precompute started.
[PathTracer] building lightmap data asset.
[00:00:00] Enlighten: Finished 1 Layout Systems job (0.00s execute, 0.00s integrate, 0.00s wallclock)
[00:00:00] Enlighten: Finished 1 Tetrahedralize Probes job (0.00s execute, 0.00s integrate, 0.01s wallclock)
[00:00:00] Enlighten: Precompute took 0.010019 seconds.
Enlighten scene contents:   0 geometries.   0 instances.   0 systems.   0 probe groups.   0 cube maps. Scene is up-to-date.
[00:00:00] Enlighten: Bake started.
[00:00:00] Enlighten: Bake took 0.009678 seconds.
[PathTracer] Fetching lightmaps for lightmap data asset started.
[PathTracer] Fetching lightmaps for lightmap data asset finished.
> Collecting Enlighten data
Opening scene 'Assets/TestScene/test12.unity'
Load scene 'Assets/TestScene/test12.unity' time: 0.011668 ms 
Unloading 2 Unused Serialized files (Serialized files now loaded: 0)
System memory in use before: 141.0 MB.
System memory in use after: 141.1 MB.

Unloading 6 unused Assets to reduce memory usage. Loaded Objects now: 1598.
Total: 14.407646 ms (FindLiveObjects: 0.296963 ms CreateObjectMapping: 0.032088 ms MarkObjects: 14.012376 ms  DeleteObjects: 0.065635 ms)

[00:00:00] Enlighten: Precompute started.
[PathTracer] building lightmap data asset.
[00:00:00] Enlighten: Finished 1 Layout Systems job (0.00s execute, 0.00s integrate, 0.00s wallclock)
[00:00:00] Enlighten: Finished 1 Tetrahedralize Probes job (0.00s execute, 0.00s integrate, 0.01s wallclock)
[00:00:00] Enlighten: Precompute took 0.011030 seconds.
Enlighten scene contents:   0 geometries.   0 instances.   0 systems.   0 probe groups.   0 cube maps. Scene is up-to-date.
[00:00:00] Enlighten: Bake started.
[00:00:00] Enlighten: Bake took 0.009705 seconds.
[PathTracer] Fetching lightmaps for lightmap data asset started.
[PathTracer] Fetching lightmaps for lightmap data asset finished.
> Collecting Enlighten data
Opening scene 'Assets/TestScene/test13.unity'
Load scene 'Assets/TestScene/test13.unity' time: 0.014586 ms 
Unloading 2 Unused Serialized files (Serialized files now loaded: 0)
System memory in use before: 141.0 MB.
System memory in use after: 141.1 MB.

Unloading 6 unused Assets to reduce memory usage. Loaded Objects now: 1599.
Total: 14.203447 ms (FindLiveObjects: 0.298129 ms CreateObjectMapping: 0.032088 ms MarkObjects: 13.807011 ms  DeleteObjects: 0.065927 ms)

[00:00:00] Enlighten: Precompute started.
[PathTracer] building lightmap data asset.
[00:00:00] Enlighten: Finished 1 Layout Systems job (0.00s execute, 0.00s integrate, 0.00s wallclock)
[00:00:00] Enlighten: Finished 1 Tetrahedralize Probes job (0.00s execute, 0.00s integrate, 0.01s wallclock)
[00:00:00] Enlighten: Precompute took 0.011092 seconds.
Enlighten scene contents:   0 geometries.   0 instances.   0 systems.   0 probe groups.   0 cube maps. Scene is up-to-date.
[00:00:00] Enlighten: Bake started.
[00:00:00] Enlighten: Bake took 0.009714 seconds.
[PathTracer] Fetching lightmaps for lightmap data asset started.
[PathTracer] Fetching lightmaps for lightmap data asset finished.
> Collecting Enlighten data
Opening scene 'Assets/TestScene/test14.unity'
Load scene 'Assets/TestScene/test14.unity' time: 0.016044 ms 
Unloading 2 Unused Serialized files (Serialized files now loaded: 0)
System memory in use before: 141.0 MB.
System memory in use after: 141.1 MB.

Unloading 6 unused Assets to reduce memory usage. Loaded Objects now: 1600.
Total: 14.501869 ms (FindLiveObjects: 0.312132 ms CreateObjectMapping: 0.032088 ms MarkObjects: 14.090263 ms  DeleteObjects: 0.066802 ms)

[00:00:00] Enlighten: Precompute started.
[PathTracer] building lightmap data asset.
[00:00:00] Enlighten: Finished 1 Layout Systems job (0.00s execute, 0.00s integrate, 0.00s wallclock)
[00:00:00] Enlighten: Finished 1 Tetrahedralize Probes job (0.00s execute, 0.00s integrate, 0.01s wallclock)
[00:00:00] Enlighten: Precompute took 0.010092 seconds.
Enlighten scene contents:   0 geometries.   0 instances.   0 systems.   0 probe groups.   0 cube maps. Scene is up-to-date.
[00:00:00] Enlighten: Bake started.
[00:00:00] Enlighten: Bake took 0.010500 seconds.
[PathTracer] Fetching lightmaps for lightmap data asset started.
[PathTracer] Fetching lightmaps for lightmap data asset finished.
> Collecting Enlighten data
Opening scene 'Assets/TestScene/test15.unity'
Load scene 'Assets/TestScene/test15.unity' time: 0.012544 ms 
Unloading 2 Unused Serialized files (Serialized files now loaded: 0)
System memory in use before: 141.0 MB.
System memory in use after: 141.1 MB.

Unloading 6 unused Assets to reduce memory usage. Loaded Objects now: 1601.
Total: 14.284252 ms (FindLiveObjects: 0.299880 ms CreateObjectMapping: 0.032672 ms MarkObjects: 13.886065 ms  DeleteObjects: 0.065343 ms)

[00:00:00] Enlighten: Precompute started.
[PathTracer] building lightmap data asset.
[00:00:00] Enlighten: Finished 1 Layout Systems job (0.00s execute, 0.00s integrate, 0.00s wallclock)
[00:00:00] Enlighten: Finished 1 Tetrahedralize Probes job (0.00s execute, 0.00s integrate, 0.01s wallclock)
[00:00:00] Enlighten: Precompute took 0.010418 seconds.
Enlighten scene contents:   0 geometries.   0 instances.   0 systems.   0 probe groups.   0 cube maps. Scene is up-to-date.
[00:00:00] Enlighten: Bake started.
[00:00:00] Enlighten: Bake took 0.010357 seconds.
[PathTracer] Fetching lightmaps for lightmap data asset started.
[PathTracer] Fetching lightmaps for lightmap data asset finished.
> Collecting Enlighten data
Opening scene 'Assets/TestScene/test16.unity'
Load scene 'Assets/TestScene/test16.unity' time: 0.014294 ms 
Unloading 2 Unused Serialized files (Serialized files now loaded: 0)
System memory in use before: 141.0 MB.
System memory in use after: 141.1 MB.

Unloading 6 unused Assets to reduce memory usage. Loaded Objects now: 1602.
Total: 14.313131 ms (FindLiveObjects: 0.298129 ms CreateObjectMapping: 0.032088 ms MarkObjects: 13.915820 ms  DeleteObjects: 0.066510 ms)

[00:00:00] Enlighten: Precompute started.
[PathTracer] building lightmap data asset.
[00:00:00] Enlighten: Finished 1 Layout Systems job (0.00s execute, 0.00s integrate, 0.00s wallclock)
[00:00:00] Enlighten: Finished 1 Tetrahedralize Probes job (0.00s execute, 0.00s integrate, 0.01s wallclock)
[00:00:00] Enlighten: Precompute took 0.010193 seconds.
Enlighten scene contents:   0 geometries.   0 instances.   0 systems.   0 probe groups.   0 cube maps. Scene is up-to-date.
[00:00:00] Enlighten: Bake started.
[00:00:00] Enlighten: Bake took 0.009581 seconds.
[PathTracer] Fetching lightmaps for lightmap data asset started.
[PathTracer] Fetching lightmaps for lightmap data asset finished.
> Collecting Enlighten data
Opening scene 'Assets/TestScene/test17.unity'
Load scene 'Assets/TestScene/test17.unity' time: 0.023920 ms 
Unloading 2 Unused Serialized files (Serialized files now loaded: 0)
System memory in use before: 141.0 MB.
System memory in use after: 141.1 MB.

Unloading 6 unused Assets to reduce memory usage. Loaded Objects now: 1603.
Total: 14.005375 ms (FindLiveObjects: 0.303672 ms CreateObjectMapping: 0.032672 ms MarkObjects: 13.592895 ms  DeleteObjects: 0.075553 ms)

[00:00:00] Enlighten: Precompute started.
[PathTracer] building lightmap data asset.
[00:00:00] Enlighten: Finished 1 Layout Systems job (0.00s execute, 0.00s integrate, 0.00s wallclock)
[00:00:00] Enlighten: Finished 1 Tetrahedralize Probes job (0.00s execute, 0.00s integrate, 0.01s wallclock)
[00:00:00] Enlighten: Precompute took 0.010933 seconds.
Enlighten scene contents:   0 geometries.   0 instances.   0 systems.   0 probe groups.   0 cube maps. Scene is up-to-date.
[00:00:00] Enlighten: Bake started.
[00:00:00] Enlighten: Bake took 0.009782 seconds.
[PathTracer] Fetching lightmaps for lightmap data asset started.
[PathTracer] Fetching lightmaps for lightmap data asset finished.
> Collecting Enlighten data
Opening scene 'Assets/TestScene/test18.unity'
Load scene 'Assets/TestScene/test18.unity' time: 0.014877 ms 
Unloading 2 Unused Serialized files (Serialized files now loaded: 0)
System memory in use before: 141.0 MB.
System memory in use after: 141.2 MB.

Unloading 6 unused Assets to reduce memory usage. Loaded Objects now: 1604.
Total: 14.697899 ms (FindLiveObjects: 0.323508 ms CreateObjectMapping: 0.033255 ms MarkObjects: 14.273458 ms  DeleteObjects: 0.066802 ms)

[00:00:00] Enlighten: Precompute started.
[PathTracer] building lightmap data asset.
[00:00:00] Enlighten: Finished 1 Layout Systems job (0.00s execute, 0.00s integrate, 0.00s wallclock)
[00:00:00] Enlighten: Finished 1 Tetrahedralize Probes job (0.00s execute, 0.00s integrate, 0.01s wallclock)
[00:00:00] Enlighten: Precompute took 0.011028 seconds.
Enlighten scene contents:   0 geometries.   0 instances.   0 systems.   0 probe groups.   0 cube maps. Scene is up-to-date.
[00:00:00] Enlighten: Bake started.
[00:00:00] Enlighten: Bake took 0.009732 seconds.
[PathTracer] Fetching lightmaps for lightmap data asset started.
[PathTracer] Fetching lightmaps for lightmap data asset finished.
> Collecting Enlighten data
Opening scene 'Assets/TestScene/test19.unity'
Load scene 'Assets/TestScene/test19.unity' time: 0.011377 ms 
Unloading 2 Unused Serialized files (Serialized files now loaded: 0)
System memory in use before: 141.0 MB.
System memory in use after: 141.2 MB.

Unloading 6 unused Assets to reduce memory usage. Loaded Objects now: 1605.
Total: 14.288044 ms (FindLiveObjects: 0.299005 ms CreateObjectMapping: 0.032672 ms MarkObjects: 13.890149 ms  DeleteObjects: 0.065343 ms)

[00:00:00] Enlighten: Precompute started.
[PathTracer] building lightmap data asset.
[00:00:00] Enlighten: Finished 1 Layout Systems job (0.00s execute, 0.00s integrate, 0.00s wallclock)
[00:00:00] Enlighten: Finished 1 Tetrahedralize Probes job (0.00s execute, 0.00s integrate, 0.01s wallclock)
[00:00:00] Enlighten: Precompute took 0.010956 seconds.
Enlighten scene contents:   0 geometries.   0 instances.   0 systems.   0 probe groups.   0 cube maps. Scene is up-to-date.
[00:00:00] Enlighten: Bake started.
[00:00:00] Enlighten: Bake took 0.009731 seconds.
[PathTracer] Fetching lightmaps for lightmap data asset started.
[PathTracer] Fetching lightmaps for lightmap data asset finished.
> Collecting Enlighten data
Opening scene 'Assets/TestScene/test20.unity'
Load scene 'Assets/TestScene/test20.unity' time: 0.013419 ms 
Unloading 2 Unused Serialized files (Serialized files now loaded: 0)
System memory in use before: 141.0 MB.
System memory in use after: 141.2 MB.

Unloading 6 unused Assets to reduce memory usage. Loaded Objects now: 1606.
Total: 14.500993 ms (FindLiveObjects: 0.301047 ms CreateObjectMapping: 0.033255 ms MarkObjects: 14.099598 ms  DeleteObjects: 0.066802 ms)

[00:00:00] Enlighten: Precompute started.
[PathTracer] building lightmap data asset.
[00:00:00] Enlighten: Finished 1 Layout Systems job (0.00s execute, 0.00s integrate, 0.00s wallclock)
[00:00:00] Enlighten: Finished 1 Tetrahedralize Probes job (0.00s execute, 0.00s integrate, 0.01s wallclock)
[00:00:00] Enlighten: Precompute took 0.010034 seconds.
Enlighten scene contents:   0 geometries.   0 instances.   0 systems.   0 probe groups.   0 cube maps. Scene is up-to-date.
[00:00:00] Enlighten: Bake started.
[00:00:00] Enlighten: Bake took 0.009625 seconds.
[PathTracer] Fetching lightmaps for lightmap data asset started.
[PathTracer] Fetching lightmaps for lightmap data asset finished.
> Collecting Enlighten data


Mono dependencies included in the build
Dependency assembly - System.Diagnostics.StackTrace.dll
Dependency assembly - System.Globalization.Extensions.dll
Dependency assembly - System.Runtime.Serialization.Xml.dll
Dependency assembly - System.Xml.XPath.XDocument.dll
Dependency assembly - netstandard.dll
Dependency assembly - Mono.Security.dll
Dependency assembly - System.ComponentModel.Composition.dll
Dependency assembly - System.Configuration.dll
Dependency assembly - System.Core.dll
Dependency assembly - System.Data.dll
Dependency assembly - System.Drawing.dll
Dependency assembly - System.EnterpriseServices.dll
Dependency assembly - System.IO.Compression.FileSystem.dll
Dependency assembly - System.IO.Compression.dll
Dependency assembly - System.Net.Http.dll
Dependency assembly - System.Numerics.dll
Dependency assembly - System.Runtime.Serialization.dll
Dependency assembly - System.ServiceModel.Internals.dll
Dependency assembly - System.Transactions.dll
Dependency assembly - System.Xml.Linq.dll
Dependency assembly - System.Xml.dll
Dependency assembly - System.dll
Dependency assembly - mscorlib.dll
Dependency assembly - UnityEngine.UI.dll
Dependency assembly - UnityEngine.Networking.dll
Dependency assembly - UnityEngine.Timeline.dll
Dependency assembly - UnityEngine.SpatialTracking.dll
Dependency assembly - Assembly-CSharp.dll
Dependency assembly - Unity.Analytics.DataPrivacy.dll
Dependency assembly - Unity.TextMeshPro.dll

DisplayProgressbar: Fetching assembly references
Unloading 15 Unused Serialized files (Serialized files now loaded: 0)
System memory in use before: 145.1 MB.
System memory in use after: 145.2 MB.

Unloading 16 unused Assets to reduce memory usage. Loaded Objects now: 1591.
Total: 14.502160 ms (FindLiveObjects: 0.263999 ms CreateObjectMapping: 0.032672 ms MarkObjects: 14.175735 ms  DeleteObjects: 0.029171 ms)

[EnlightenBakeManager] m_Clear = false;
Unloading 1 Unused Serialized files (Serialized files now loaded: 0)
System memory in use before: 144.7 MB.
System memory in use after: 144.8 MB.

Unloading 0 unused Assets to reduce memory usage. Loaded Objects now: 1602.
Total: 14.523164 ms (FindLiveObjects: 0.308339 ms CreateObjectMapping: 0.032963 ms MarkObjects: 14.171359 ms  DeleteObjects: 0.010210 ms)

WARNING: Shader Unsupported: 'Hidden/BlitToDepth' - Pass '' has no vertex shader
WARNING: Shader Unsupported: 'Hidden/BlitToDepth' - Setting to default shader.
WARNING: Shader Unsupported: 'Hidden/BlitToDepth_MSAA' - Pass '' has no vertex shader
WARNING: Shader Unsupported: 'Hidden/BlitToDepth_MSAA' - Setting to default shader.
WARNING: Shader Unsupported: 'VR/SpatialMapping/Wireframe' - Pass '' has no vertex shader
WARNING: Shader Unsupported: 'VR/SpatialMapping/Wireframe' - Setting to default shader.
WARNING: Shader Unsupported: 'Hidden/VR/BlitTexArraySliceToDepth_MSAA' - Pass '' has no vertex shader
WARNING: Shader Unsupported: 'Hidden/VR/BlitTexArraySliceToDepth_MSAA' - Setting to default shader.
WARNING: Shader Unsupported: 'AR/TangoARRender' - Pass '' has no vertex shader
WARNING: Shader Unsupported: 'AR/TangoARRender' - Setting to default shader.
Unloading 1 Unused Serialized files (Serialized files now loaded: 0)
System memory in use before: 145.9 MB.
System memory in use after: 144.9 MB.

Unloading 58 unused Assets to reduce memory usage. Loaded Objects now: 1590.
Total: 16.360073 ms (FindLiveObjects: 0.240371 ms CreateObjectMapping: 0.032963 ms MarkObjects: 15.086751 ms  DeleteObjects: 0.999405 ms)

DisplayProgressbar: Building Player
WARNING: Shader Unsupported: 'Hidden/BlitToDepth' - Pass '' has no vertex shader
WARNING: Shader Unsupported: 'Hidden/BlitToDepth' - Setting to default shader.
WARNING: Shader Unsupported: 'Hidden/BlitToDepth_MSAA' - Pass '' has no vertex shader
WARNING: Shader Unsupported: 'Hidden/BlitToDepth_MSAA' - Setting to default shader.
DisplayProgressbar: Compiling shader variants
DisplayProgressbar: Building Player
DisplayProgressbar: Compiling shader variants
